<?xml version="1.0" encoding="UTF-8"?>
<testng-results skipped="0" failed="0" ignored="0" total="2" passed="2">
  <reporter-output>
  </reporter-output>
  <suite name="OpenCart Test Suite" duration-ms="63966" started-at="2022-04-04T13:15:13 IST" finished-at="2022-04-04T13:16:17 IST">
    <groups>
      <group name="regression">
        <method signature="TC_001_AccountRegistration.test_account_Registration()[pri:0, instance:testCases.TC_001_AccountRegistration@74ad1f1f]" name="test_account_Registration" class="testCases.TC_001_AccountRegistration"/>
      </group> <!-- regression -->
      <group name="sanity">
        <method signature="TC_002_Login.test_Login()[pri:0, instance:testCases.TC_002_Login@37374a5e]" name="test_Login" class="testCases.TC_002_Login"/>
      </group> <!-- sanity -->
      <group name="master">
        <method signature="TC_001_AccountRegistration.test_account_Registration()[pri:0, instance:testCases.TC_001_AccountRegistration@74ad1f1f]" name="test_account_Registration" class="testCases.TC_001_AccountRegistration"/>
        <method signature="TC_002_Login.test_Login()[pri:0, instance:testCases.TC_002_Login@37374a5e]" name="test_Login" class="testCases.TC_002_Login"/>
      </group> <!-- master -->
    </groups>
    <test name="OpenCart Tests" duration-ms="63966" started-at="2022-04-04T13:15:13 IST" finished-at="2022-04-04T13:16:17 IST">
      <class name="testCases.TC_001_AccountRegistration">
        <test-method status="PASS" signature="setup(java.lang.String)[pri:0, instance:testCases.TC_001_AccountRegistration@74ad1f1f]" name="setup" is-config="true" duration-ms="23744" started-at="2022-04-04T13:15:14 IST" finished-at="2022-04-04T13:15:37 IST">
          <params>
            <param index="0">
              <value>
                <![CDATA[chrome]]>
              </value>
            </param>
          </params>
          <reporter-output>
          </reporter-output>
        </test-method> <!-- setup -->
        <test-method status="PASS" signature="test_account_Registration()[pri:0, instance:testCases.TC_001_AccountRegistration@74ad1f1f]" name="test_account_Registration" duration-ms="18166" started-at="2022-04-04T13:15:37 IST" finished-at="2022-04-04T13:15:56 IST">
          <reporter-output>
          </reporter-output>
        </test-method> <!-- test_account_Registration -->
        <test-method status="PASS" signature="tearDown()[pri:0, instance:testCases.TC_001_AccountRegistration@74ad1f1f]" name="tearDown" is-config="true" duration-ms="2038" started-at="2022-04-04T13:15:56 IST" finished-at="2022-04-04T13:15:58 IST">
          <reporter-output>
          </reporter-output>
        </test-method> <!-- tearDown -->
      </class> <!-- testCases.TC_001_AccountRegistration -->
      <class name="testCases.TC_002_Login">
        <test-method status="PASS" signature="setup(java.lang.String)[pri:0, instance:testCases.TC_002_Login@37374a5e]" name="setup" is-config="true" duration-ms="3902" started-at="2022-04-04T13:15:58 IST" finished-at="2022-04-04T13:16:02 IST">
          <params>
            <param index="0">
              <value>
                <![CDATA[chrome]]>
              </value>
            </param>
          </params>
          <reporter-output>
          </reporter-output>
        </test-method> <!-- setup -->
        <test-method status="PASS" signature="test_Login()[pri:0, instance:testCases.TC_002_Login@37374a5e]" name="test_Login" duration-ms="14370" started-at="2022-04-04T13:16:02 IST" finished-at="2022-04-04T13:16:16 IST">
          <reporter-output>
          </reporter-output>
        </test-method> <!-- test_Login -->
        <test-method status="PASS" signature="tearDown()[pri:0, instance:testCases.TC_002_Login@37374a5e]" name="tearDown" is-config="true" duration-ms="1155" started-at="2022-04-04T13:16:16 IST" finished-at="2022-04-04T13:16:17 IST">
          <reporter-output>
          </reporter-output>
        </test-method> <!-- tearDown -->
      </class> <!-- testCases.TC_002_Login -->
    </test> <!-- OpenCart Tests -->
  </suite> <!-- OpenCart Test Suite -->
</testng-results>
