<?xml version="1.0" encoding="UTF-8"?>
<testng-results skipped="0" failed="0" ignored="0" total="1" passed="1">
  <reporter-output>
  </reporter-output>
  <suite name="OpenCart Test Suite" duration-ms="44512" started-at="2022-04-23T22:00:48 IST" finished-at="2022-04-23T22:01:32 IST">
    <groups>
    </groups>
    <test name="OpenCart Tests" duration-ms="44512" started-at="2022-04-23T22:00:48 IST" finished-at="2022-04-23T22:01:32 IST">
      <class name="testCases.TC_0027_Currency">
        <test-method status="PASS" signature="setup(java.lang.String)[pri:0, instance:testCases.TC_0027_Currency@491cc5c9]" name="setup" is-config="true" duration-ms="22996" started-at="2022-04-23T22:00:48 IST" finished-at="2022-04-23T22:01:11 IST">
          <params>
            <param index="0">
              <value>
                <![CDATA[chrome]]>
              </value>
            </param>
          </params>
          <reporter-output>
          </reporter-output>
        </test-method> <!-- setup -->
        <test-method status="PASS" signature="test_Currency()[pri:0, instance:testCases.TC_0027_Currency@491cc5c9]" name="test_Currency" duration-ms="17492" started-at="2022-04-23T22:01:11 IST" finished-at="2022-04-23T22:01:29 IST">
          <reporter-output>
          </reporter-output>
        </test-method> <!-- test_Currency -->
        <test-method status="PASS" signature="tearDown()[pri:0, instance:testCases.TC_0027_Currency@491cc5c9]" name="tearDown" is-config="true" duration-ms="3195" started-at="2022-04-23T22:01:29 IST" finished-at="2022-04-23T22:01:32 IST">
          <reporter-output>
          </reporter-output>
        </test-method> <!-- tearDown -->
      </class> <!-- testCases.TC_0027_Currency -->
    </test> <!-- OpenCart Tests -->
  </suite> <!-- OpenCart Test Suite -->
</testng-results>
