<?xml version="1.0" encoding="UTF-8"?>
<testng-results skipped="0" failed="0" ignored="0" total="1" passed="1">
  <reporter-output>
  </reporter-output>
  <suite name="OpenCart Test Suite" duration-ms="71732" started-at="2022-04-23T21:50:37 IST" finished-at="2022-04-23T21:51:49 IST">
    <groups>
    </groups>
    <test name="OpenCart Tests" duration-ms="71732" started-at="2022-04-23T21:50:37 IST" finished-at="2022-04-23T21:51:49 IST">
      <class name="testCases.TC_0027_Currency">
        <test-method status="PASS" signature="setup(java.lang.String)[pri:0, instance:testCases.TC_0027_Currency@6fb0d3ed]" name="setup" is-config="true" duration-ms="46483" started-at="2022-04-23T21:50:37 IST" finished-at="2022-04-23T21:51:24 IST">
          <params>
            <param index="0">
              <value>
                <![CDATA[chrome]]>
              </value>
            </param>
          </params>
          <reporter-output>
          </reporter-output>
        </test-method> <!-- setup -->
        <test-method status="PASS" signature="test_Currency()[pri:0, instance:testCases.TC_0027_Currency@6fb0d3ed]" name="test_Currency" duration-ms="22247" started-at="2022-04-23T21:51:24 IST" finished-at="2022-04-23T21:51:46 IST">
          <reporter-output>
          </reporter-output>
        </test-method> <!-- test_Currency -->
        <test-method status="PASS" signature="tearDown()[pri:0, instance:testCases.TC_0027_Currency@6fb0d3ed]" name="tearDown" is-config="true" duration-ms="2353" started-at="2022-04-23T21:51:46 IST" finished-at="2022-04-23T21:51:49 IST">
          <reporter-output>
          </reporter-output>
        </test-method> <!-- tearDown -->
      </class> <!-- testCases.TC_0027_Currency -->
    </test> <!-- OpenCart Tests -->
  </suite> <!-- OpenCart Test Suite -->
</testng-results>
